make all --print-data-base --no-builtin-variables --no-builtin-rules --question
# GNU Make 4.3
# Built for x86_64-pc-linux-gnu
# Copyright (C) 1988-2020 Free Software Foundation, Inc.
# License GPLv3+: GNU GPL version 3 or later <http://gnu.org/licenses/gpl.html>
# This is free software: you are free to change and redistribute it.
# There is NO WARRANTY, to the extent permitted by law.

# Make data base, printed on Tue Jul  5 14:57:03 2022

# Variables

# environment
JAVA_HOME = /usr/lib/jvm/java-8-openjdk-amd64/
# environment
GDK_BACKEND = x11
# environment
LC_ALL = C
# makefile (from 'Makefile', line 1)
SRC = src
# environment
GNOME_SHELL_SESSION_MODE = ubuntu
# environment
SSH_AGENT_LAUNCHER = gnome-keyring
# environment
SNAP_INSTANCE_KEY = 
# environment
GJS_DEBUG_OUTPUT = stderr
# environment
VSCODE_IPC_HOOK_EXTHOST = /run/user/1000/vscode-ipc-75c088f8-7b2d-4570-8791-9ac3ec7885b1.sock
# environment
LC_NAME = de_DE.UTF-8
# environment
LC_NUMERIC = de_DE.UTF-8
# environment
VSCODE_CWD = /home/mohamed
# environment
LC_ADDRESS = de_DE.UTF-8
# default
MAKE_COMMAND := make
# environment
QT_ACCESSIBILITY = 1
# automatic
@D = $(patsubst %/,%,$(dir $@))
# environment
SNAP_INSTANCE_NAME = code
# environment
GDK_PIXBUF_MODULEDIR = /snap/code/99/usr/lib/x86_64-linux-gnu/gdk-pixbuf-2.0/2.10.0/loaders
# environment
VSCODE_HANDLES_UNCAUGHT_ERRORS = true
# default
.VARIABLES := 
# environment
PWD = /home/mohamed/didactic_os
# automatic
%D = $(patsubst %/,%,$(dir $%))
# environment
PS1 = \[\e[34m\]\u$ \[\e[32m\]\w \[\e[91m\]$(parse_git_branch)\[\e[00m\]$ 
# environment
XDG_DATA_DIRS = /usr/share/ubuntu:/home/mohamed/.local/share/flatpak/exports/share:/var/lib/flatpak/exports/share:/usr/local/share/:/usr/share/:/var/lib/snapd/desktop
# automatic
^D = $(patsubst %/,%,$(dir $^))
# environment
VSCODE_LOG_STACK = false
# automatic
%F = $(notdir $%)
# environment
VSCODE_CODE_CACHE_PATH = /home/mohamed/.config/Code/CachedData/30d9c6cd9483b2cc586687151bcbcd635f373630
# environment
LANG = C
# environment
XAUTHORITY = /run/user/1000/.mutter-Xwaylandauth.X2Y9O1
# default
.LOADED := 
# default
.INCLUDE_DIRS = /usr/local/include /usr/include /usr/include
# makefile
MAKEFLAGS = pqrR
# makefile
CURDIR := /home/mohamed/didactic_os
# environment
VSCODE_PIPE_LOGGING = true
# environment
APPLICATION_INSIGHTS_NO_DIAGNOSTIC_CHANNEL = 1
# environment
LESSOPEN = | /usr/bin/lesspipe %s
# environment
ESPRESSIF_TOOLCHAIN_PATH = /home/mohamed/.espressif/tools/xtensa-esp32-elf/esp-2020r2-8.2.0/xtensa-esp32-elf/
# makefile (from 'Makefile', line 3)
SRCS = $(wildcard $(SRC)/*.c)
# automatic
*D = $(patsubst %/,%,$(dir $*))
# environment
MFLAGS = -pqrR
# environment
SSH_AUTH_SOCK = /run/user/1000/keyring/ssh
# default
.SHELLFLAGS := -c
# environment
WAYLAND_DISPLAY = wayland-0
# environment
XDG_CONFIG_DIRS = /etc/xdg/xdg-ubuntu:/etc/xdg
# automatic
+D = $(patsubst %/,%,$(dir $+))
# environment
XDG_SESSION_DESKTOP = ubuntu
# makefile (from 'Makefile', line 1)
MAKEFILE_LIST := Makefile
# environment
SNAP_REEXEC = 
# automatic
@F = $(notdir $@)
# environment
VSCODE_VERBOSE_LOGGING = true
# environment
VSCODE_PID = 5298
# environment
XDG_SESSION_TYPE = wayland
# automatic
?D = $(patsubst %/,%,$(dir $?))
# environment
BAMF_DESKTOP_FILE_HINT = /var/lib/snapd/desktop/applications/code_code.desktop
# environment
SESSION_MANAGER = local/mohamed-ThinkPad-T470:@/tmp/.ICE-unix/2255,unix/mohamed-ThinkPad-T470:/tmp/.ICE-unix/2255
# automatic
*F = $(notdir $*)
# environment
CHROME_DESKTOP = code-url-handler.desktop
# environment
DBUS_SESSION_BUS_ADDRESS = unix:path=/run/user/1000/bus
# automatic
<D = $(patsubst %/,%,$(dir $<))
# environment
VSCODE_NLS_CONFIG = {"locale":"en-us","availableLanguages":{},"_languagePackSupport":true}
# default
MAKE_HOST := x86_64-pc-linux-gnu
# makefile (from 'Makefile', line 4)
OBJS = $(patsubst src/%.c,build/%.o,$(SRCS))
# environment
GNOME_DESKTOP_SESSION_ID = this-is-deprecated
# makefile
SHELL = /bin/sh
# default
MAKECMDGOALS := all
# environment
PLATFORMIO_CALLER = vscode
# environment
XMODIFIERS = @im=ibus
# environment
GJS_DEBUG_TOPICS = JS ERROR;JS LOG
# environment
SHLVL = 0
# environment
ESP_IDF_PATH = /home/mohamed/esp-idf/
# environment
MAKELEVEL := 0
# environment
IM_CONFIG_CHECK_ENV = 1
# default
MAKE = $(MAKE_COMMAND)
# environment
SNAP_COOKIE = F1YkMYz70FA8la7h5-1pRrK-oQ1drDf_EEJ72BEkq1TkmVosngm9
# environment
PATH = /home/mohamed/.local/bin:/home/mohamed/bin:/home/mohamed/.local/bin:/home/mohamed/esptool:/usr/bin/python:/home/mohamed/.cargo/bin:/home/mohamed/.local/bin:/home/mohamed/bin:/usr/local/sbin:/usr/local/bin:/usr/sbin:/usr/bin:/sbin:/bin:/usr/games:/usr/local/games:/snap/bin:/snap/bin:/usr/gcc-linaro-7.5.0-2019.12-x86_64_aarch64-elf/bin:/usr/arduino-1.8.13/:/usr/gcc-arm-10.3-2021.07-x86_64-aarch64-none-elf/bin/
# default
MAKEFILES := 
# environment
LC_MONETARY = de_DE.UTF-8
# automatic
^F = $(notdir $^)
# environment
SNAP_USER_COMMON = /home/mohamed/snap/code/common
# environment
LC_TIME = de_DE.UTF-8
# environment
SNAP = /snap/code/99
# environment
INVOCATION_ID = 7a9e5ecb1b3b4675962698f1f23d03c6
# environment
SNAP_REVISION = 99
# environment
SNAP_REAL_HOME = /home/mohamed
# environment
VSCODE_LOG_NATIVE = false
# environment
USERNAME = mohamed
# environment
GNOME_SETUP_DISPLAY = :1
# environment
LC_TELEPHONE = de_DE.UTF-8
# environment
LESSCLOSE = /usr/bin/lesspipe %s %s
# automatic
?F = $(notdir $?)
# environment
NO_PROXY = 127.0.0.1
# environment
XDG_CURRENT_DESKTOP = Unity
# environment
LS_COLORS = 
# automatic
+F = $(notdir $+)
# environment
DESKTOP_SESSION = ubuntu
# environment
ORIGINAL_XDG_CURRENT_DESKTOP = ubuntu:GNOME
# 'override' directive
GNUMAKEFLAGS := 
# environment
LOGNAME = mohamed
# environment
ELECTRON_MIRROR = https://npm.taobao.org/mirrors/electron/
# environment
GIO_LAUNCHED_DESKTOP_FILE = /var/lib/snapd/desktop/applications/code_code.desktop
# environment
PLATFORMIO_PATH = /home/mohamed/.platformio/python3/bin:/home/mohamed/.local/bin:/home/mohamed/bin:/home/mohamed/.local/bin:/home/mohamed/esptool:/usr/bin/python:/home/mohamed/.cargo/bin:/home/mohamed/.local/bin:/home/mohamed/bin:/usr/local/sbin:/usr/local/bin:/usr/sbin:/usr/bin:/sbin:/bin:/usr/games:/usr/local/games:/snap/bin:/snap/bin:/usr/gcc-linaro-7.5.0-2019.12-x86_64_aarch64-elf/bin:/usr/arduino-1.8.13/:/usr/gcc-arm-10.3-2021.07-x86_64-aarch64-none-elf/bin/
# environment
SNAP_ARCH = amd64
# makefile
.DEFAULT_GOAL := all
# environment
DISPLAY = :0
# environment
USER = mohamed
# environment
GTK_MODULES = gail:atk-bridge
# default
MAKE_VERSION := 4.3
# environment
DISABLE_WAYLAND = 1
# environment
SNAP_DATA = /var/snap/code/99
# environment
SNAP_CONTEXT = F1YkMYz70FA8la7h5-1pRrK-oQ1drDf_EEJ72BEkq1TkmVosngm9
# environment
MANAGERPID = 2102
# environment
LC_MEASUREMENT = de_DE.UTF-8
# environment
GIO_LAUNCHED_DESKTOP_FILE_PID = 5253
# environment
_ = /snap/code/99/usr/share/code/code
# environment
LC_PAPER = de_DE.UTF-8
# environment
XDG_RUNTIME_DIR = /run/user/1000
# makefile (from 'Makefile', line 6)
CFLAGS = -Wall -O0 -ffreestanding -nostdinc -nostdlib -nostartfiles -ggdb
# environment
ZEPHYR_TOOLCHAIN_VARIANT = espressif
# environment
GDK_PIXBUF_MODULE_FILE = /home/mohamed/snap/code/common/.cache/gdk-pixbuf-loaders.cache
# environment
JOURNAL_STREAM = 8:35515
# environment
XDG_SESSION_CLASS = user
# environment
VSCODE_AMD_ENTRYPOINT = vs/workbench/api/node/extensionHostProcess
# environment
PLATFORMIO_IDE = 2.5.0
# environment
HOME = /home/mohamed
# environment
QT_IM_MODULE = ibus
# environment
ELECTRON_RUN_AS_NODE = 1
# environment
VSCODE_IPC_HOOK = /run/user/1000/vscode-c7200296-1.68.1-main.sock
# environment
SNAP_NAME = code
# environment
GSETTINGS_SCHEMA_DIR = /snap/code/99/usr/share/glib-2.0/schemas
# environment
IM_CONFIG_PHASE = 1
# default
.RECIPEPREFIX := 
# automatic
<F = $(notdir $<)
# environment
SNAP_VERSION = 30d9c6cd
# makefile (from 'Makefile', line 2)
OUT = build
# default
SUFFIXES := 
# environment
VSCODE_CLI = 1
# environment
ELECTRON_NO_ATTACH_CONSOLE = 1
# environment
SNAP_COMMON = /var/snap/code/common
# default
.FEATURES := target-specific order-only second-expansion else-if shortest-stem undefine oneshell nocomment grouped-target extra-prereqs archives jobserver output-sync check-symlink load
# environment
SNAP_USER_DATA = /home/mohamed/snap/code/99
 
# environment
XDG_MENU_PREFIX = gnome-
# environment
GDMSESSION = ubuntu
# environment
LC_IDENTIFICATION = de_DE.UTF-8
# environment
SNAP_LIBRARY_PATH = /var/lib/snapd/lib/gl:/var/lib/snapd/lib/gl32:/var/lib/snapd/void
# variable set hash-table stats:
# Load=145/1024=14%, Rehash=0, Collisions=18/185=10%

# Pattern-specific Variable Values

# No pattern-specific variable values.

# Directories

# src (device 2055, inode 2621773): 5 files, no impossibilities.
# . (device 2055, inode 1983414): 20 files, no impossibilities.

# 25 files, no impossibilities in 2 directories.

# Implicit Rules

build/%.o: src/%.c build
#  recipe to execute (from 'Makefile', line 17):
	@echo "CC $<"
	@aarch64-elf-gcc $(CFLAGS) -c $< -o $@

# 1 implicit rules, 0 (0.0%) terminal.
# Files

# Not a target:
Makefile:
#  Implicit rule search has been done.
#  Last modified 2022-07-04 12:22:32.093021948
#  File has been updated.
#  Successfully updated.

clean:
#  Implicit rule search has not been done.
#  Implicit/static pattern stem: ''
#  File does not exist.
#  File has been updated.
#  Needs to be updated (-q is set).
# automatic
# @ := clean
# automatic
# * := 
# automatic
# < := 
# automatic
# + := 
# automatic
# % := 
# automatic
# ^ := 
# automatic
# ? := 
# automatic
# | := 
# variable set hash-table stats:
# Load=8/32=25%, Rehash=0, Collisions=1/11=9%
#  recipe to execute (from 'Makefile', line 26):
	@rm kernel8.elf *.o *.map *.img >/dev/null 2>/dev/null || true
	@rm -rf build/

# Not a target:
.DEFAULT:
#  Implicit rule search has not been done.
#  Modification time never checked.
#  File has not been updated.

all: clean kernel8.img
#  Command line target.
#  Implicit rule search has been done.
#  File does not exist.
#  File has been updated.
#  Needs to be updated (-q is set).
# variable set hash-table stats:
# Load=0/32=0%, Rehash=0, Collisions=0/3=0%

# Not a target:
build/mini_uart.o:
#  Implicit rule search has not been done.
#  Modification time never checked.
#  File has not been updated.

start.o: start.S
#  Implicit rule search has not been done.
#  Modification time never checked.
#  File has not been updated.
#  recipe to execute (from 'Makefile', line 14):
	@aarch64-elf-gcc $(CFLAGS) -c start.S -o start.o

build:
#  Implicit rule search has not been done.
#  Modification time never checked.
#  File has not been updated.
#  recipe to execute (from 'Makefile', line 11):
	@mkdir -p $(OUT)

copy:
#  Implicit rule search has not been done.
#  Modification time never checked.
#  File has not been updated.
#  recipe to execute (from 'Makefile', line 30):
	@cp -f kernel8.img /media/mohamed/BOOT/

# Not a target:
start.S:
#  Implicit rule search has not been done.
#  Modification time never checked.
#  File has not been updated.

kernel8.img: start.o build/main.o build/mini_uart.o
#  Implicit rule search has not been done.
#  Modification time never checked.
#  File has not been updated.
#  recipe to execute (from 'Makefile', line 21):
	@echo generating $@
	@aarch64-elf-ld -nostdlib -nostartfiles start.o $(OBJS) -T link.ld -o kernel8.elf -Map=output.map
	@aarch64-elf-objcopy -O binary kernel8.elf kernel8.img

# Not a target:
.SUFFIXES:
#  Implicit rule search has not been done.
#  Modification time never checked.
#  File has not been updated.

# Not a target:
build/main.o:
#  Implicit rule search has not been done.
#  Modification time never checked.
#  File has not been updated.

# files hash-table stats:
# Load=12/1024=1%, Rehash=0, Collisions=0/32=0%
# VPATH Search Paths

# No 'vpath' search paths.

# No general ('VPATH' variable) search path.

# strcache buffers: 1 (0) / strings = 34 / storage = 321 B / avg = 9 B
# current buf: size = 8162 B / used = 321 B / count = 34 / avg = 9 B

# strcache performance: lookups = 57 / hit rate = 40%
# hash-table stats:
# Load=34/8192=0%, Rehash=0, Collisions=0/57=0%
# Finished Make data base on Tue Jul  5 14:57:03 2022

 
